<?xml version="1.0" encoding="utf-8"?><testsuites><testsuite errors="0" failures="0" hostname="Macbooks-MBP" name="pytest" skipped="0" tests="4" time="7.572" timestamp="2020-08-05T18:38:56.008199"><testcase classname="test_submit" file="test_submit.py" line="3" name="test_q1" time="0.125"></testcase><testcase classname="test_submit" file="test_submit.py" line="8" name="test_q2" time="0.053"></testcase><testcase classname="test_submit" file="test_submit.py" line="13" name="test_q3" time="0.089"></testcase><testcase classname="test_submit" file="test_submit.py" line="18" name="test_q4" time="0.359"></testcase></testsuite></testsuites>